<?xml version="1.0" encoding="UTF-8"?>
<testng-results ignored="0" total="1" passed="1" failed="0" skipped="0">
  <reporter-output>
  </reporter-output>
  <suite started-at="2022-03-27T21:39:52 BDT" name="Default suite" finished-at="2022-03-27T21:40:09 BDT" duration-ms="17778">
    <groups>
    </groups>
    <test started-at="2022-03-27T21:39:52 BDT" name="Default test" finished-at="2022-03-27T21:40:09 BDT" duration-ms="17778">
      <class name="com.swag.testcases.ChromeTest">
        <test-method is-config="true" signature="setupClass()[pri:0, instance:com.swag.testcases.ChromeTest@38cee291]" started-at="2022-03-27T21:39:52 BDT" name="setupClass" finished-at="2022-03-27T21:40:01 BDT" duration-ms="9009" status="PASS">
          <reporter-output>
          </reporter-output>
        </test-method> <!-- setupClass -->
        <test-method is-config="true" signature="setupTest()[pri:0, instance:com.swag.testcases.ChromeTest@38cee291]" started-at="2022-03-27T21:40:01 BDT" name="setupTest" finished-at="2022-03-27T21:40:06 BDT" duration-ms="5253" status="PASS">
          <reporter-output>
          </reporter-output>
        </test-method> <!-- setupTest -->
        <test-method signature="testOne()[pri:0, instance:com.swag.testcases.ChromeTest@38cee291]" started-at="2022-03-27T21:40:06 BDT" name="testOne" finished-at="2022-03-27T21:40:09 BDT" duration-ms="3072" status="PASS">
          <reporter-output>
          </reporter-output>
        </test-method> <!-- testOne -->
        <test-method is-config="true" signature="tearDown()[pri:0, instance:com.swag.testcases.ChromeTest@38cee291]" started-at="2022-03-27T21:40:09 BDT" name="tearDown" finished-at="2022-03-27T21:40:09 BDT" duration-ms="386" status="PASS">
          <reporter-output>
          </reporter-output>
        </test-method> <!-- tearDown -->
      </class> <!-- com.swag.testcases.ChromeTest -->
    </test> <!-- Default test -->
  </suite> <!-- Default suite -->
</testng-results>
